Using pre-set license
Built from '2021.3/staging' branch; Version is '2021.3.6f1 (7da38d85baf6) revision 8233869'; Using compiler version '192829333'; Build Type 'Release'
OS: 'Windows 10  (10.0.19045) 64bit Professional' Language: 'en' Physical Memory: 32694 MB
BatchMode: 1, IsHumanControllingUs: 0, StartBugReporterOnCrash: 0, Is64bit: 1, IsPro: 1

COMMAND LINE ARGUMENTS:
C:\Program Files\Unity\Hub\Editor\2021.3.6f1\Editor\Unity.exe
-adb2
-batchMode
-noUpm
-name
AssetImportWorker1
-projectPath
E:/COMPU2023/VR2/Practica4
-logFile
Logs/AssetImportWorker1.log
-srvPort
60675
Successfully changed project path to: E:/COMPU2023/VR2/Practica4
E:/COMPU2023/VR2/Practica4
[UnityMemory] Configuration Parameters - Can be set up in boot.config
    "memorysetup-bucket-allocator-granularity=16"
    "memorysetup-bucket-allocator-bucket-count=8"
    "memorysetup-bucket-allocator-block-size=33554432"
    "memorysetup-bucket-allocator-block-count=8"
    "memorysetup-main-allocator-block-size=16777216"
    "memorysetup-thread-allocator-block-size=16777216"
    "memorysetup-gfx-main-allocator-block-size=16777216"
    "memorysetup-gfx-thread-allocator-block-size=16777216"
    "memorysetup-cache-allocator-block-size=4194304"
    "memorysetup-typetree-allocator-block-size=2097152"
    "memorysetup-profiler-bucket-allocator-granularity=16"
    "memorysetup-profiler-bucket-allocator-bucket-count=8"
    "memorysetup-profiler-bucket-allocator-block-size=33554432"
    "memorysetup-profiler-bucket-allocator-block-count=8"
    "memorysetup-profiler-allocator-block-size=16777216"
    "memorysetup-profiler-editor-allocator-block-size=1048576"
    "memorysetup-temp-allocator-size-main=16777216"
    "memorysetup-job-temp-allocator-block-size=2097152"
    "memorysetup-job-temp-allocator-block-size-background=1048576"
    "memorysetup-job-temp-allocator-reduction-small-platforms=262144"
    "memorysetup-temp-allocator-size-background-worker=32768"
    "memorysetup-temp-allocator-size-job-worker=262144"
    "memorysetup-temp-allocator-size-preload-manager=33554432"
    "memorysetup-temp-allocator-size-nav-mesh-worker=65536"
    "memorysetup-temp-allocator-size-audio-worker=65536"
    "memorysetup-temp-allocator-size-cloud-worker=32768"
    "memorysetup-temp-allocator-size-gi-baking-worker=262144"
    "memorysetup-temp-allocator-size-gfx=262144"
Refreshing native plugins compatible for Editor in 80.28 ms, found 5 plugins.
Preloading 0 native plugins for Editor in 0.00 ms.
Initialize engine version: 2021.3.6f1 (7da38d85baf6)
[Subsystems] Discovering subsystems at path C:/Program Files/Unity/Hub/Editor/2021.3.6f1/Editor/Data/Resources/UnitySubsystems
[Subsystems] Discovering subsystems at path E:/COMPU2023/VR2/Practica4/Assets
GfxDevice: creating device client; threaded=0; jobified=0
Direct3D:
    Version:  Direct3D 11.0 [level 11.1]
    Renderer: NVIDIA GeForce RTX 3070 (ID=0x2488)
    Vendor:   NVIDIA
    VRAM:     8031 MB
    Driver:   31.0.15.3141
Initialize mono
Mono path[0] = 'C:/Program Files/Unity/Hub/Editor/2021.3.6f1/Editor/Data/Managed'
Mono path[1] = 'C:/Program Files/Unity/Hub/Editor/2021.3.6f1/Editor/Data/MonoBleedingEdge/lib/mono/unityjit-win32'
Mono config path = 'C:/Program Files/Unity/Hub/Editor/2021.3.6f1/Editor/Data/MonoBleedingEdge/etc'
Using monoOptions --debugger-agent=transport=dt_socket,embedding=1,server=y,suspend=n,address=127.0.0.1:56892
Begin MonoManager ReloadAssembly
Registering precompiled unity dll's ...
Register platform support module: C:/Program Files/Unity/Hub/Editor/2021.3.6f1/Editor/Data/PlaybackEngines/WebGLSupport/UnityEditor.WebGL.Extensions.dll
Register platform support module: C:/Program Files/Unity/Hub/Editor/2021.3.6f1/Editor/Data/PlaybackEngines/AndroidPlayer/UnityEditor.Android.Extensions.dll
Register platform support module: C:/Program Files/Unity/Hub/Editor/2021.3.6f1/Editor/Data/PlaybackEngines/iOSSupport/UnityEditor.iOS.Extensions.dll
Register platform support module: C:/Program Files/Unity/Hub/Editor/2021.3.6f1/Editor/Data/PlaybackEngines/WindowsStandaloneSupport/UnityEditor.WindowsStandalone.Extensions.dll
Register platform support module: C:/Program Files/Unity/Hub/Editor/2021.3.6f1/Editor/Data/PlaybackEngines/MetroSupport/UnityEditor.UWP.Extensions.dll
Registered in 0.008238 seconds.
Native extension for UWP target not found
Native extension for WindowsStandalone target not found
[usbmuxd] Start listen thread
[usbmuxd] Listen thread started
Native extension for iOS target not found
Native extension for Android target not found
Native extension for WebGL target not found
Refreshing native plugins compatible for Editor in 76.43 ms, found 5 plugins.
Preloading 0 native plugins for Editor in 0.00 ms.
Mono: successfully reloaded assembly
- Completed reload, in  0.540 seconds
Domain Reload Profiling:
	ReloadAssembly (540ms)
		BeginReloadAssembly (64ms)
			ExecutionOrderSort (0ms)
			DisableScriptedObjects (0ms)
			BackupInstance (0ms)
			ReleaseScriptingObjects (0ms)
			CreateAndSetChildDomain (1ms)
		EndReloadAssembly (386ms)
			LoadAssemblies (62ms)
			RebuildTransferFunctionScriptingTraits (0ms)
			SetupTypeCache (85ms)
			ReleaseScriptCaches (0ms)
			RebuildScriptCaches (19ms)
			SetupLoadedEditorAssemblies (242ms)
				LogAssemblyErrors (0ms)
				InitializePlatformSupportModulesInManaged (55ms)
				SetLoadedEditorAssemblies (2ms)
				RefreshPlugins (77ms)
				BeforeProcessingInitializeOnLoad (1ms)
				ProcessInitializeOnLoadAttributes (74ms)
				ProcessInitializeOnLoadMethodAttributes (34ms)
				AfterProcessingInitializeOnLoad (0ms)
				EditorAssembliesLoaded (0ms)
			ExecutionOrderSort2 (0ms)
			AwakeInstancesAfterBackupRestoration (0ms)
Platform modules already initialized, skipping
Registering precompiled user dll's ...
Registered in 0.005623 seconds.
Begin MonoManager ReloadAssembly
Symbol file LoadedFromMemory doesn't match image E:\COMPU2023\VR2\Practica4\Library\PackageCache\com.unity.visualscripting@1.7.8\Editor\VisualScripting.Core\Dependencies\YamlDotNet\Unity.VisualScripting.YamlDotNet.dll
Symbol file LoadedFromMemory doesn't match image E:\COMPU2023\VR2\Practica4\Library\PackageCache\com.unity.visualscripting@1.7.8\Editor\VisualScripting.Core\Dependencies\DotNetZip\Unity.VisualScripting.IonicZip.dll
Native extension for UWP target not found
Native extension for WindowsStandalone target not found
Native extension for iOS target not found
Native extension for Android target not found
Native extension for WebGL target not found
Refreshing native plugins compatible for Editor in 0.96 ms, found 5 plugins.
Preloading 0 native plugins for Editor in 0.00 ms.
Package Manager log level set to [2]
Mono: successfully reloaded assembly
- Completed reload, in  0.955 seconds
Domain Reload Profiling:
	ReloadAssembly (955ms)
		BeginReloadAssembly (196ms)
			ExecutionOrderSort (0ms)
			DisableScriptedObjects (4ms)
			BackupInstance (0ms)
			ReleaseScriptingObjects (0ms)
			CreateAndSetChildDomain (121ms)
		EndReloadAssembly (656ms)
			LoadAssemblies (73ms)
			RebuildTransferFunctionScriptingTraits (0ms)
			SetupTypeCache (212ms)
			ReleaseScriptCaches (1ms)
			RebuildScriptCaches (42ms)
			SetupLoadedEditorAssemblies (304ms)
				LogAssemblyErrors (0ms)
				InitializePlatformSupportModulesInManaged (21ms)
				SetLoadedEditorAssemblies (1ms)
				RefreshPlugins (1ms)
				BeforeProcessingInitializeOnLoad (76ms)
				ProcessInitializeOnLoadAttributes (179ms)
				ProcessInitializeOnLoadMethodAttributes (20ms)
				AfterProcessingInitializeOnLoad (6ms)
				EditorAssembliesLoaded (0ms)
			ExecutionOrderSort2 (0ms)
			AwakeInstancesAfterBackupRestoration (7ms)
Platform modules already initialized, skipping
========================================================================
Worker process is ready to serve import requests
Launched and connected shader compiler UnityShaderCompiler.exe after 0.06 seconds
Refreshing native plugins compatible for Editor in 1.60 ms, found 5 plugins.
Preloading 0 native plugins for Editor in 0.00 ms.
Unloading 3873 Unused Serialized files (Serialized files now loaded: 0)
Unloading 35 unused Assets / (377.2 KB). Loaded Objects now: 4347.
Memory consumption went from 153.8 MB to 153.4 MB.
Total: 4.841300 ms (FindLiveObjects: 0.626900 ms CreateObjectMapping: 0.166800 ms MarkObjects: 3.739300 ms  DeleteObjects: 0.307000 ms)

AssetImportParameters requested are different than current active one (requested -> active):
  custom:video-decoder-ogg-theora: a1e56fd34408186e4bbccfd4996cb3dc -> 
  custom:container-muxer-webm: aa71ff27fc2769a1b78a27578f13a17b -> 
  custom:container-demuxer-webm: 4f35f7cbe854078d1ac9338744f61a02 -> 
  custom:video-encoder-webm-vp8: eb34c28f22e8b96e1ab97ce403110664 -> 
  custom:audio-encoder-webm-vorbis: bf7c407c2cedff20999df2af8eb42d56 -> 
  custom:framework-win-MediaFoundation: 216162199b28c13a410421893ffa2e32 -> 
  custom:container-demuxer-ogg: 62fdf1f143b41e24485cea50d1cbac27 -> 
  custom:video-decoder-webm-vp8: 9c59270c3fd7afecdb556c50c9e8de78 -> 
  custom:audio-decoder-ogg-vorbis: bf7c407c2cedff20999df2af8eb42d56 -> 
========================================================================
Received Import Request.
  Time since last request: 197190.791097 seconds.
  path: Assets/Assets/nordwood-themes-R53t-Tg6J4c-unsplash.jpg
  artifactKey: Guid(122349eebecd30d41a9dcf404f8ca33e) Importer(815301076,1909f56bfc062723c751e8b465ee728b)
Start importing Assets/Assets/nordwood-themes-R53t-Tg6J4c-unsplash.jpg using Guid(122349eebecd30d41a9dcf404f8ca33e) Importer(815301076,1909f56bfc062723c751e8b465ee728b)  -> (artifact id: '2f1cc716da09c7385fe6fa51621ab12c') in 0.281851 seconds 
========================================================================
Received Import Request.
  Time since last request: 0.765390 seconds.
  path: Assets/Materials/aiStandardSurface2.mat
  artifactKey: Guid(6b378e978abfcc54eb68c9ac45017ebb) Importer(815301076,1909f56bfc062723c751e8b465ee728b)
Start importing Assets/Materials/aiStandardSurface2.mat using Guid(6b378e978abfcc54eb68c9ac45017ebb) Importer(815301076,1909f56bfc062723c751e8b465ee728b)  -> (artifact id: '74d2f789dc71a994115a7e01da27e04e') in 0.097788 seconds 
========================================================================
Received Import Request.
  Time since last request: 0.000036 seconds.
  path: Assets/Materials/standardSurface15.mat
  artifactKey: Guid(1944c861e7febde4fa4b0c4556abf19d) Importer(815301076,1909f56bfc062723c751e8b465ee728b)
Start importing Assets/Materials/standardSurface15.mat using Guid(1944c861e7febde4fa4b0c4556abf19d) Importer(815301076,1909f56bfc062723c751e8b465ee728b)  -> (artifact id: 'a6a0ec93fe27f8d84f6aeb8936ef0b7f') in 0.028542 seconds 
========================================================================
Received Import Request.
  Time since last request: 0.000031 seconds.
  path: Assets/Materials/standardSurface16.mat
  artifactKey: Guid(c35a30f7a9702a940bead599a488ab76) Importer(815301076,1909f56bfc062723c751e8b465ee728b)
Start importing Assets/Materials/standardSurface16.mat using Guid(c35a30f7a9702a940bead599a488ab76) Importer(815301076,1909f56bfc062723c751e8b465ee728b)  -> (artifact id: 'dbe5f4fa2faffc1417b257f9a7393334') in 0.056116 seconds 
========================================================================
Received Import Request.
  Time since last request: 0.000044 seconds.
  path: Assets/Materials/standardSurface11.mat
  artifactKey: Guid(2baf187f0c2c39f4999a9628ab1fd9cd) Importer(815301076,1909f56bfc062723c751e8b465ee728b)
Start importing Assets/Materials/standardSurface11.mat using Guid(2baf187f0c2c39f4999a9628ab1fd9cd) Importer(815301076,1909f56bfc062723c751e8b465ee728b)  -> (artifact id: '5f8ce33408d2e79caa3b3fea9d334503') in 0.061902 seconds 
========================================================================
Received Import Request.
  Time since last request: 0.000027 seconds.
  path: Assets/Materials/standardSurface9.mat
  artifactKey: Guid(be7c001cfeb54884db5b3f45f89e1db7) Importer(815301076,1909f56bfc062723c751e8b465ee728b)
Start importing Assets/Materials/standardSurface9.mat using Guid(be7c001cfeb54884db5b3f45f89e1db7) Importer(815301076,1909f56bfc062723c751e8b465ee728b)  -> (artifact id: '99ce9c772716a2d87d77665ca46485a6') in 0.067130 seconds 
========================================================================
Received Import Request.
  Time since last request: 0.000024 seconds.
  path: Assets/Materials/standardSurface18.mat
  artifactKey: Guid(24ed58f0332659545b3c9650df99bd2c) Importer(815301076,1909f56bfc062723c751e8b465ee728b)
Start importing Assets/Materials/standardSurface18.mat using Guid(24ed58f0332659545b3c9650df99bd2c) Importer(815301076,1909f56bfc062723c751e8b465ee728b)  -> (artifact id: '6b756aef03a5d938f67b338c529ffcc3') in 0.022707 seconds 
========================================================================
Received Import Request.
  Time since last request: 0.000028 seconds.
  path: Assets/Materials/standardSurface21.mat
  artifactKey: Guid(f8bd96bf99426b041aeced6930e45c67) Importer(815301076,1909f56bfc062723c751e8b465ee728b)
Start importing Assets/Materials/standardSurface21.mat using Guid(f8bd96bf99426b041aeced6930e45c67) Importer(815301076,1909f56bfc062723c751e8b465ee728b)  -> (artifact id: '6dda5684d4d9f75c5d3eca4910c1e0c5') in 0.017706 seconds 
========================================================================
Received Import Request.
  Time since last request: 0.000025 seconds.
  path: Assets/Materials/aiStandardSurface5.mat
  artifactKey: Guid(9fb8adf94dd9a8b428a07103962a41b5) Importer(815301076,1909f56bfc062723c751e8b465ee728b)
Start importing Assets/Materials/aiStandardSurface5.mat using Guid(9fb8adf94dd9a8b428a07103962a41b5) Importer(815301076,1909f56bfc062723c751e8b465ee728b)  -> (artifact id: '3483bc7c391a349fa91e2deecba5f5b2') in 0.101792 seconds 
========================================================================
Received Import Request.
  Time since last request: 0.000025 seconds.
  path: Assets/Materials/aiStandardSurface8.mat
  artifactKey: Guid(ca5a214fd09b9b74cbabb2ad027e47fe) Importer(815301076,1909f56bfc062723c751e8b465ee728b)
Start importing Assets/Materials/aiStandardSurface8.mat using Guid(ca5a214fd09b9b74cbabb2ad027e47fe) Importer(815301076,1909f56bfc062723c751e8b465ee728b)  -> (artifact id: '1fdddfb71f0a9c8cac222b9bfa5fc9df') in 0.039885 seconds 
========================================================================
Received Import Request.
  Time since last request: 0.000018 seconds.
  path: Assets/Materials/aiStandardSurface10.mat
  artifactKey: Guid(10aa630d2f4b72b4baab0e35f4fcdaee) Importer(815301076,1909f56bfc062723c751e8b465ee728b)
Start importing Assets/Materials/aiStandardSurface10.mat using Guid(10aa630d2f4b72b4baab0e35f4fcdaee) Importer(815301076,1909f56bfc062723c751e8b465ee728b)  -> (artifact id: '795f6896f380699567f475eebbc74a5c') in 0.060541 seconds 
========================================================================
Received Import Request.
  Time since last request: 0.000023 seconds.
  path: Assets/Materials/standardSurface13.mat
  artifactKey: Guid(e601e6b081f28df4ea2bcd6286428258) Importer(815301076,1909f56bfc062723c751e8b465ee728b)
Start importing Assets/Materials/standardSurface13.mat using Guid(e601e6b081f28df4ea2bcd6286428258) Importer(815301076,1909f56bfc062723c751e8b465ee728b)  -> (artifact id: 'ad7826aba088014b4667c1406d3f6597') in 0.049287 seconds 
========================================================================
Received Import Request.
  Time since last request: 0.000022 seconds.
  path: Assets/Materials/standardSurface5.mat
  artifactKey: Guid(68781f785de065b4c8ad8377cbf961ef) Importer(815301076,1909f56bfc062723c751e8b465ee728b)
Start importing Assets/Materials/standardSurface5.mat using Guid(68781f785de065b4c8ad8377cbf961ef) Importer(815301076,1909f56bfc062723c751e8b465ee728b)  -> (artifact id: '8b438a652002dfc9e6fa1c903a6efd77') in 0.023960 seconds 
========================================================================
Received Import Request.
  Time since last request: 0.000018 seconds.
  path: Assets/Materials/standardSurface14.mat
  artifactKey: Guid(72c655e1b88275e4887ac1640f85e3a9) Importer(815301076,1909f56bfc062723c751e8b465ee728b)
Start importing Assets/Materials/standardSurface14.mat using Guid(72c655e1b88275e4887ac1640f85e3a9) Importer(815301076,1909f56bfc062723c751e8b465ee728b)  -> (artifact id: '1046df277d003f13d7264291cc1f71eb') in 0.076501 seconds 
========================================================================
Received Import Request.
  Time since last request: 20.284146 seconds.
  path: Assets/tiendita.fbm/fabric_112_albedo-1K.png
  artifactKey: Guid(3f34bd8501a737d46ae2b357399ca0c5) Importer(815301076,1909f56bfc062723c751e8b465ee728b)
Start importing Assets/tiendita.fbm/fabric_112_albedo-1K.png using Guid(3f34bd8501a737d46ae2b357399ca0c5) Importer(815301076,1909f56bfc062723c751e8b465ee728b)  -> (artifact id: '2bda3778882564bede02e98c06409d14') in 0.176445 seconds 
========================================================================
Received Import Request.
  Time since last request: 0.000022 seconds.
  path: Assets/tiendita.fbm/TexturesCom_FabricPlain0034_M.jpg
  artifactKey: Guid(4e32ca7cec0364744acda602665a8996) Importer(815301076,1909f56bfc062723c751e8b465ee728b)
Start importing Assets/tiendita.fbm/TexturesCom_FabricPlain0034_M.jpg using Guid(4e32ca7cec0364744acda602665a8996) Importer(815301076,1909f56bfc062723c751e8b465ee728b)  -> (artifact id: '883cb1e073536abe4b9c2eb81bfb1a5d') in 0.136354 seconds 
========================================================================
Received Import Request.
  Time since last request: 0.000039 seconds.
  path: Assets/tiendita.fbm/TexturesCom_Plastic_Tarp_512_albedo.tif
  artifactKey: Guid(ddee01b619d6f7e44bd01dd50b21abb4) Importer(815301076,1909f56bfc062723c751e8b465ee728b)
Start importing Assets/tiendita.fbm/TexturesCom_Plastic_Tarp_512_albedo.tif using Guid(ddee01b619d6f7e44bd01dd50b21abb4) Importer(815301076,1909f56bfc062723c751e8b465ee728b)  -> (artifact id: 'c0a44227185d76b2c9a65916ace256ca') in 0.125776 seconds 
========================================================================
Received Import Request.
  Time since last request: 0.000017 seconds.
  path: Assets/tiendita.fbm/TexturesCom_FloorLaminateWhitewashed_New_1K_albedo.tif
  artifactKey: Guid(b46d760d1238a674f9740d7c2945b94b) Importer(815301076,1909f56bfc062723c751e8b465ee728b)
Start importing Assets/tiendita.fbm/TexturesCom_FloorLaminateWhitewashed_New_1K_albedo.tif using Guid(b46d760d1238a674f9740d7c2945b94b) Importer(815301076,1909f56bfc062723c751e8b465ee728b)  -> (artifact id: 'a2843e079553d8d0aa2cef1c9daa030e') in 0.056069 seconds 
========================================================================
Received Import Request.
  Time since last request: 0.000024 seconds.
  path: Assets/tiendita.fbm/FabricUpholsteryBrightAnglePattern001_COL_VAR1_1K.jpg
  artifactKey: Guid(0199378f330d78e4a8d7508a9013e267) Importer(815301076,1909f56bfc062723c751e8b465ee728b)
Start importing Assets/tiendita.fbm/FabricUpholsteryBrightAnglePattern001_COL_VAR1_1K.jpg using Guid(0199378f330d78e4a8d7508a9013e267) Importer(815301076,1909f56bfc062723c751e8b465ee728b)  -> (artifact id: '28e51ddacef9301ad7201dd0b9e90ba4') in 0.084783 seconds 
========================================================================
Received Import Request.
  Time since last request: 0.000021 seconds.
  path: Assets/tiendita.fbm/TexturesCom_Fabric_Flannel8_512_albedo.tif
  artifactKey: Guid(f56df9461a030944bbfbf221d7979135) Importer(815301076,1909f56bfc062723c751e8b465ee728b)
Start importing Assets/tiendita.fbm/TexturesCom_Fabric_Flannel8_512_albedo.tif using Guid(f56df9461a030944bbfbf221d7979135) Importer(815301076,1909f56bfc062723c751e8b465ee728b)  -> (artifact id: 'c61190798186d61260d027bca99f5a07') in 0.077346 seconds 
========================================================================
Received Import Request.
  Time since last request: 0.000016 seconds.
  path: Assets/tiendita.fbm/photos_2022_6_10_fst_graphic-abstract.jpg
  artifactKey: Guid(cb585e206afe52e459612acaee2de11a) Importer(815301076,1909f56bfc062723c751e8b465ee728b)
Start importing Assets/tiendita.fbm/photos_2022_6_10_fst_graphic-abstract.jpg using Guid(cb585e206afe52e459612acaee2de11a) Importer(815301076,1909f56bfc062723c751e8b465ee728b)  -> (artifact id: 'bd2670887060037a5524bb21fdf9443c') in 0.146392 seconds 
========================================================================
Received Import Request.
  Time since last request: 0.000019 seconds.
  path: Assets/tiendita.fbm/TexturesCom_WrinklesHomogeneous0031_M.jpg
  artifactKey: Guid(d9105ac68c7f5964e9b1af95cc5f671d) Importer(815301076,1909f56bfc062723c751e8b465ee728b)
Start importing Assets/tiendita.fbm/TexturesCom_WrinklesHomogeneous0031_M.jpg using Guid(d9105ac68c7f5964e9b1af95cc5f671d) Importer(815301076,1909f56bfc062723c751e8b465ee728b)  -> (artifact id: '1e6cc0d53c4312799d5712ce24035dde') in 0.065821 seconds 
========================================================================
Received Import Request.
  Time since last request: 0.000026 seconds.
  path: Assets/tiendita.fbm/TexturesCom_Tiles_Decorative_1K_albedo.tif
  artifactKey: Guid(5044fed3c992d2145befb751b144160c) Importer(815301076,1909f56bfc062723c751e8b465ee728b)
Start importing Assets/tiendita.fbm/TexturesCom_Tiles_Decorative_1K_albedo.tif using Guid(5044fed3c992d2145befb751b144160c) Importer(815301076,1909f56bfc062723c751e8b465ee728b)  -> (artifact id: '1a5c1615c6c803d46065d67dc06aacac') in 0.104139 seconds 
========================================================================
Received Import Request.
  Time since last request: 0.000024 seconds.
  path: Assets/tiendita.fbm/TexturesCom_Fabric_Tweed5_512_albedo (1).tif
  artifactKey: Guid(e7f6301c6c7181240a02d312d63ebe8b) Importer(815301076,1909f56bfc062723c751e8b465ee728b)
Start importing Assets/tiendita.fbm/TexturesCom_Fabric_Tweed5_512_albedo (1).tif using Guid(e7f6301c6c7181240a02d312d63ebe8b) Importer(815301076,1909f56bfc062723c751e8b465ee728b)  -> (artifact id: '7d1e2826c8ae64ab80deeca0861ce027') in 0.070316 seconds 
========================================================================
Received Prepare
Registering precompiled user dll's ...
Registered in 0.005320 seconds.
Begin MonoManager ReloadAssembly
Symbol file LoadedFromMemory doesn't match image E:\COMPU2023\VR2\Practica4\Library\PackageCache\com.unity.visualscripting@1.7.8\Editor\VisualScripting.Core\Dependencies\YamlDotNet\Unity.VisualScripting.YamlDotNet.dll
Symbol file LoadedFromMemory doesn't match image E:\COMPU2023\VR2\Practica4\Library\PackageCache\com.unity.visualscripting@1.7.8\Editor\VisualScripting.Core\Dependencies\DotNetZip\Unity.VisualScripting.IonicZip.dll
Native extension for UWP target not found
Native extension for WindowsStandalone target not found
Native extension for iOS target not found
Native extension for Android target not found
Native extension for WebGL target not found
Refreshing native plugins compatible for Editor in 0.77 ms, found 5 plugins.
Preloading 0 native plugins for Editor in 0.00 ms.
Mono: successfully reloaded assembly
- Completed reload, in  0.785 seconds
Domain Reload Profiling:
	ReloadAssembly (787ms)
		BeginReloadAssembly (113ms)
			ExecutionOrderSort (0ms)
			DisableScriptedObjects (3ms)
			BackupInstance (0ms)
			ReleaseScriptingObjects (0ms)
			CreateAndSetChildDomain (34ms)
		EndReloadAssembly (601ms)
			LoadAssemblies (70ms)
			RebuildTransferFunctionScriptingTraits (0ms)
			SetupTypeCache (202ms)
			ReleaseScriptCaches (1ms)
			RebuildScriptCaches (30ms)
			SetupLoadedEditorAssemblies (269ms)
				LogAssemblyErrors (0ms)
				InitializePlatformSupportModulesInManaged (26ms)
				SetLoadedEditorAssemblies (0ms)
				RefreshPlugins (1ms)
				BeforeProcessingInitializeOnLoad (55ms)
				ProcessInitializeOnLoadAttributes (161ms)
				ProcessInitializeOnLoadMethodAttributes (20ms)
				AfterProcessingInitializeOnLoad (5ms)
				EditorAssembliesLoaded (0ms)
			ExecutionOrderSort2 (0ms)
			AwakeInstancesAfterBackupRestoration (5ms)
Platform modules already initialized, skipping
Refreshing native plugins compatible for Editor in 2.19 ms, found 5 plugins.
Preloading 0 native plugins for Editor in 0.00 ms.
Unloading 3838 Unused Serialized files (Serialized files now loaded: 0)
Unloading 27 unused Assets / (345.1 KB). Loaded Objects now: 4393.
Memory consumption went from 156.0 MB to 155.6 MB.
Total: 2.709300 ms (FindLiveObjects: 0.254200 ms CreateObjectMapping: 0.076500 ms MarkObjects: 2.219400 ms  DeleteObjects: 0.158200 ms)

AssetImportParameters requested are different than current active one (requested -> active):
  custom:video-decoder-ogg-theora: a1e56fd34408186e4bbccfd4996cb3dc -> 
  custom:container-muxer-webm: aa71ff27fc2769a1b78a27578f13a17b -> 
  custom:container-demuxer-webm: 4f35f7cbe854078d1ac9338744f61a02 -> 
  custom:video-encoder-webm-vp8: eb34c28f22e8b96e1ab97ce403110664 -> 
  custom:audio-encoder-webm-vorbis: bf7c407c2cedff20999df2af8eb42d56 -> 
  custom:framework-win-MediaFoundation: 216162199b28c13a410421893ffa2e32 -> 
  custom:container-demuxer-ogg: 62fdf1f143b41e24485cea50d1cbac27 -> 
  custom:video-decoder-webm-vp8: 9c59270c3fd7afecdb556c50c9e8de78 -> 
  custom:audio-decoder-ogg-vorbis: bf7c407c2cedff20999df2af8eb42d56 -> 
